<?xml version="1.0" encoding="UTF-8"?>
<testsuite xmlns:xsi="http://www.w3.org/2001/XMLSchema-instance" xsi:noNamespaceSchemaLocation="https://maven.apache.org/surefire/maven-surefire-plugin/xsd/surefire-test-report-3.0.xsd" version="3.0" name="es.ull.utils.ExcelToolsTest" time="0.844" tests="6" errors="0" skipped="0" failures="0">
  <properties>
    <property name="java.specification.version" value="22"/>
    <property name="sun.cpu.isalist" value="amd64"/>
    <property name="sun.jnu.encoding" value="Cp1252"/>
    <property name="java.class.path" value="N:\Workspace\Java\utils-library\target\test-classes;N:\Workspace\Java\utils-library\target\classes;C:\Users\codin\.m2\repository\org\apache\logging\log4j\log4j-core\2.22.1\log4j-core-2.22.1.jar;C:\Users\codin\.m2\repository\org\apache\logging\log4j\log4j-api\2.22.1\log4j-api-2.22.1.jar;C:\Users\codin\.m2\repository\org\apache\poi\poi\5.2.3\poi-5.2.3.jar;C:\Users\codin\.m2\repository\commons-codec\commons-codec\1.15\commons-codec-1.15.jar;C:\Users\codin\.m2\repository\org\apache\commons\commons-collections4\4.4\commons-collections4-4.4.jar;C:\Users\codin\.m2\repository\org\apache\commons\commons-math3\3.6.1\commons-math3-3.6.1.jar;C:\Users\codin\.m2\repository\commons-io\commons-io\2.11.0\commons-io-2.11.0.jar;C:\Users\codin\.m2\repository\com\zaxxer\SparseBitSet\1.2\SparseBitSet-1.2.jar;C:\Users\codin\.m2\repository\com\zenuevo\simkit\simkit\1.4.1\simkit-1.4.1.jar;C:\Users\codin\.m2\repository\junit\junit\4.13.2\junit-4.13.2.jar;C:\Users\codin\.m2\repository\org\hamcrest\hamcrest-core\1.3\hamcrest-core-1.3.jar;C:\Users\codin\.m2\repository\org\junit\jupiter\junit-jupiter-api\5.10.2\junit-jupiter-api-5.10.2.jar;C:\Users\codin\.m2\repository\org\opentest4j\opentest4j\1.3.0\opentest4j-1.3.0.jar;C:\Users\codin\.m2\repository\org\junit\platform\junit-platform-commons\1.10.2\junit-platform-commons-1.10.2.jar;C:\Users\codin\.m2\repository\org\apiguardian\apiguardian-api\1.1.2\apiguardian-api-1.1.2.jar;C:\Users\codin\.m2\repository\org\jacoco\jacoco-maven-plugin\0.8.10\jacoco-maven-plugin-0.8.10.jar;C:\Users\codin\.m2\repository\org\codehaus\plexus\plexus-utils\3.0.24\plexus-utils-3.0.24.jar;C:\Users\codin\.m2\repository\org\apache\maven\shared\file-management\1.2.1\file-management-1.2.1.jar;C:\Users\codin\.m2\repository\org\apache\maven\maven-plugin-api\2.0.6\maven-plugin-api-2.0.6.jar;C:\Users\codin\.m2\repository\org\apache\maven\shared\maven-shared-io\1.1\maven-shared-io-1.1.jar;C:\Users\codin\.m2\repository\org\apache\maven\maven-artifact\2.0.2\maven-artifact-2.0.2.jar;C:\Users\codin\.m2\repository\org\apache\maven\maven-artifact-manager\2.0.2\maven-artifact-manager-2.0.2.jar;C:\Users\codin\.m2\repository\org\apache\maven\maven-repository-metadata\2.0.2\maven-repository-metadata-2.0.2.jar;C:\Users\codin\.m2\repository\org\apache\maven\wagon\wagon-provider-api\1.0-alpha-6\wagon-provider-api-1.0-alpha-6.jar;C:\Users\codin\.m2\repository\org\codehaus\plexus\plexus-container-default\1.0-alpha-9\plexus-container-default-1.0-alpha-9.jar;C:\Users\codin\.m2\repository\classworlds\classworlds\1.1-alpha-2\classworlds-1.1-alpha-2.jar;C:\Users\codin\.m2\repository\org\apache\maven\reporting\maven-reporting-api\3.0\maven-reporting-api-3.0.jar;C:\Users\codin\.m2\repository\org\apache\maven\doxia\doxia-sink-api\1.0\doxia-sink-api-1.0.jar;C:\Users\codin\.m2\repository\org\jacoco\org.jacoco.agent\0.8.10\org.jacoco.agent-0.8.10-runtime.jar;C:\Users\codin\.m2\repository\org\jacoco\org.jacoco.core\0.8.10\org.jacoco.core-0.8.10.jar;C:\Users\codin\.m2\repository\org\ow2\asm\asm\9.5\asm-9.5.jar;C:\Users\codin\.m2\repository\org\ow2\asm\asm-commons\9.5\asm-commons-9.5.jar;C:\Users\codin\.m2\repository\org\ow2\asm\asm-tree\9.5\asm-tree-9.5.jar;C:\Users\codin\.m2\repository\org\jacoco\org.jacoco.report\0.8.10\org.jacoco.report-0.8.10.jar;"/>
    <property name="java.vm.vendor" value="Oracle Corporation"/>
    <property name="sun.arch.data.model" value="64"/>
    <property name="user.variant" value=""/>
    <property name="java.vendor.url" value="https://java.oracle.com/"/>
    <property name="user.timezone" value="Atlantic/Canary"/>
    <property name="os.name" value="Windows 11"/>
    <property name="java.vm.specification.version" value="22"/>
    <property name="sun.java.launcher" value="SUN_STANDARD"/>
    <property name="user.country" value="ES"/>
    <property name="sun.boot.library.path" value="C:\Users\codin\.jdks\openjdk-22.0.2\bin"/>
    <property name="sun.java.command" value="C:\Users\codin\AppData\Local\Temp\surefire8575148074640139691\surefirebooter-20240723085424805_3.jar C:\Users\codin\AppData\Local\Temp\surefire8575148074640139691 2024-07-23T08-54-24_691-jvmRun1 surefire-20240723085424805_1tmp surefire_0-20240723085424805_2tmp"/>
    <property name="jdk.debug" value="release"/>
    <property name="surefire.test.class.path" value="N:\Workspace\Java\utils-library\target\test-classes;N:\Workspace\Java\utils-library\target\classes;C:\Users\codin\.m2\repository\org\apache\logging\log4j\log4j-core\2.22.1\log4j-core-2.22.1.jar;C:\Users\codin\.m2\repository\org\apache\logging\log4j\log4j-api\2.22.1\log4j-api-2.22.1.jar;C:\Users\codin\.m2\repository\org\apache\poi\poi\5.2.3\poi-5.2.3.jar;C:\Users\codin\.m2\repository\commons-codec\commons-codec\1.15\commons-codec-1.15.jar;C:\Users\codin\.m2\repository\org\apache\commons\commons-collections4\4.4\commons-collections4-4.4.jar;C:\Users\codin\.m2\repository\org\apache\commons\commons-math3\3.6.1\commons-math3-3.6.1.jar;C:\Users\codin\.m2\repository\commons-io\commons-io\2.11.0\commons-io-2.11.0.jar;C:\Users\codin\.m2\repository\com\zaxxer\SparseBitSet\1.2\SparseBitSet-1.2.jar;C:\Users\codin\.m2\repository\com\zenuevo\simkit\simkit\1.4.1\simkit-1.4.1.jar;C:\Users\codin\.m2\repository\junit\junit\4.13.2\junit-4.13.2.jar;C:\Users\codin\.m2\repository\org\hamcrest\hamcrest-core\1.3\hamcrest-core-1.3.jar;C:\Users\codin\.m2\repository\org\junit\jupiter\junit-jupiter-api\5.10.2\junit-jupiter-api-5.10.2.jar;C:\Users\codin\.m2\repository\org\opentest4j\opentest4j\1.3.0\opentest4j-1.3.0.jar;C:\Users\codin\.m2\repository\org\junit\platform\junit-platform-commons\1.10.2\junit-platform-commons-1.10.2.jar;C:\Users\codin\.m2\repository\org\apiguardian\apiguardian-api\1.1.2\apiguardian-api-1.1.2.jar;C:\Users\codin\.m2\repository\org\jacoco\jacoco-maven-plugin\0.8.10\jacoco-maven-plugin-0.8.10.jar;C:\Users\codin\.m2\repository\org\codehaus\plexus\plexus-utils\3.0.24\plexus-utils-3.0.24.jar;C:\Users\codin\.m2\repository\org\apache\maven\shared\file-management\1.2.1\file-management-1.2.1.jar;C:\Users\codin\.m2\repository\org\apache\maven\maven-plugin-api\2.0.6\maven-plugin-api-2.0.6.jar;C:\Users\codin\.m2\repository\org\apache\maven\shared\maven-shared-io\1.1\maven-shared-io-1.1.jar;C:\Users\codin\.m2\repository\org\apache\maven\maven-artifact\2.0.2\maven-artifact-2.0.2.jar;C:\Users\codin\.m2\repository\org\apache\maven\maven-artifact-manager\2.0.2\maven-artifact-manager-2.0.2.jar;C:\Users\codin\.m2\repository\org\apache\maven\maven-repository-metadata\2.0.2\maven-repository-metadata-2.0.2.jar;C:\Users\codin\.m2\repository\org\apache\maven\wagon\wagon-provider-api\1.0-alpha-6\wagon-provider-api-1.0-alpha-6.jar;C:\Users\codin\.m2\repository\org\codehaus\plexus\plexus-container-default\1.0-alpha-9\plexus-container-default-1.0-alpha-9.jar;C:\Users\codin\.m2\repository\classworlds\classworlds\1.1-alpha-2\classworlds-1.1-alpha-2.jar;C:\Users\codin\.m2\repository\org\apache\maven\reporting\maven-reporting-api\3.0\maven-reporting-api-3.0.jar;C:\Users\codin\.m2\repository\org\apache\maven\doxia\doxia-sink-api\1.0\doxia-sink-api-1.0.jar;C:\Users\codin\.m2\repository\org\jacoco\org.jacoco.agent\0.8.10\org.jacoco.agent-0.8.10-runtime.jar;C:\Users\codin\.m2\repository\org\jacoco\org.jacoco.core\0.8.10\org.jacoco.core-0.8.10.jar;C:\Users\codin\.m2\repository\org\ow2\asm\asm\9.5\asm-9.5.jar;C:\Users\codin\.m2\repository\org\ow2\asm\asm-commons\9.5\asm-commons-9.5.jar;C:\Users\codin\.m2\repository\org\ow2\asm\asm-tree\9.5\asm-tree-9.5.jar;C:\Users\codin\.m2\repository\org\jacoco\org.jacoco.report\0.8.10\org.jacoco.report-0.8.10.jar;"/>
    <property name="sun.cpu.endian" value="little"/>
    <property name="user.home" value="C:\Users\codin"/>
    <property name="user.language" value="es"/>
    <property name="java.specification.vendor" value="Oracle Corporation"/>
    <property name="java.version.date" value="2024-07-16"/>
    <property name="java.home" value="C:\Users\codin\.jdks\openjdk-22.0.2"/>
    <property name="file.separator" value="\"/>
    <property name="basedir" value="N:\Workspace\Java\utils-library"/>
    <property name="java.vm.compressedOopsMode" value="Zero based"/>
    <property name="line.separator" value="&#10;"/>
    <property name="java.vm.specification.vendor" value="Oracle Corporation"/>
    <property name="java.specification.name" value="Java Platform API Specification"/>
    <property name="surefire.real.class.path" value="C:\Users\codin\AppData\Local\Temp\surefire8575148074640139691\surefirebooter-20240723085424805_3.jar"/>
    <property name="user.script" value=""/>
    <property name="sun.management.compiler" value="HotSpot 64-Bit Tiered Compilers"/>
    <property name="java.runtime.version" value="22.0.2+9-70"/>
    <property name="user.name" value="codin"/>
    <property name="stdout.encoding" value="Cp1252"/>
    <property name="path.separator" value=";"/>
    <property name="os.version" value="10.0"/>
    <property name="java.runtime.name" value="OpenJDK Runtime Environment"/>
    <property name="file.encoding" value="UTF-8"/>
    <property name="java.vm.name" value="OpenJDK 64-Bit Server VM"/>
    <property name="localRepository" value="C:\Users\codin\.m2\repository"/>
    <property name="java.vendor.url.bug" value="https://bugreport.java.com/bugreport/"/>
    <property name="java.io.tmpdir" value="C:\Users\codin\AppData\Local\Temp\"/>
    <property name="idea.version" value="2024.1.4"/>
    <property name="java.version" value="22.0.2"/>
    <property name="user.dir" value="N:\Workspace\Java\utils-library"/>
    <property name="os.arch" value="amd64"/>
    <property name="java.vm.specification.name" value="Java Virtual Machine Specification"/>
    <property name="sun.os.patch.level" value=""/>
    <property name="native.encoding" value="Cp1252"/>
    <property name="java.library.path" value="C:\Users\codin\.jdks\openjdk-22.0.2\bin;C:\Windows\Sun\Java\bin;C:\Windows\system32;C:\Windows;C:\Program Files (x86)\Common Files\Oracle\Java\java8path;C:\Program Files (x86)\Common Files\Oracle\Java\javapath;C:\Windows\system32;C:\Windows;C:\Windows\System32\Wbem;C:\Windows\System32\WindowsPowerShell\v1.0\;C:\Windows\System32\OpenSSH\;C:\Program Files\dotnet\;C:\Program Files (x86)\NVIDIA Corporation\PhysX\Common;C:\Program Files\NVIDIA Corporation\NVIDIA NvDLISR;C:\Users\codin\AppData\Local\Microsoft\WindowsApps;N:\Programas\Microsoft VS Code\bin;C:\Program Files\JetBrains\IntelliJ IDEA Community Edition 2024.1.4\bin;;."/>
    <property name="java.vm.info" value="mixed mode, sharing"/>
    <property name="stderr.encoding" value="Cp1252"/>
    <property name="java.vendor" value="Oracle Corporation"/>
    <property name="java.vm.version" value="22.0.2+9-70"/>
    <property name="sun.io.unicode.encoding" value="UnicodeLittle"/>
    <property name="java.class.version" value="66.0"/>
  </properties>
  <testcase name="validCell" classname="es.ull.utils.ExcelToolsTest" time="0.825"/>
  <testcase name="getBoldFont" classname="es.ull.utils.ExcelToolsTest" time="0.003"/>
  <testcase name="getHeadStyle" classname="es.ull.utils.ExcelToolsTest" time="0.006"/>
  <testcase name="getString" classname="es.ull.utils.ExcelToolsTest" time="0.005"/>
  <testcase name="getErrorStyle" classname="es.ull.utils.ExcelToolsTest" time="0.001"/>
  <testcase name="testGetString" classname="es.ull.utils.ExcelToolsTest" time="0.001"/>
</testsuite>